<?xml version="1.0" encoding="UTF-8"?>
<testng-results skipped="0" failed="0" ignored="0" total="1" passed="1">
  <reporter-output>
  </reporter-output>
  <suite name="Default suite" duration-ms="16000" started-at="2019-04-24T10:10:35Z" finished-at="2019-04-24T10:10:51Z">
    <groups>
    </groups>
    <test name="Default test" duration-ms="16000" started-at="2019-04-24T10:10:35Z" finished-at="2019-04-24T10:10:51Z">
      <class name="test.TestNG_Demo">
        <test-method status="PASS" signature="setUpTest()[pri:0, instance:test.TestNG_Demo@18be83e4]" name="setUpTest" is-config="true" duration-ms="5920" started-at="2019-04-24T10:10:35Z" finished-at="2019-04-24T10:10:41Z">
          <reporter-output>
          </reporter-output>
        </test-method> <!-- setUpTest -->
        <test-method status="PASS" signature="googleSearch()[pri:0, instance:test.TestNG_Demo@18be83e4]" name="googleSearch" duration-ms="7696" started-at="2019-04-24T10:10:41Z" finished-at="2019-04-24T10:10:49Z">
          <reporter-output>
          </reporter-output>
        </test-method> <!-- googleSearch -->
        <test-method status="PASS" signature="tearDownTest()[pri:0, instance:test.TestNG_Demo@18be83e4]" name="tearDownTest" is-config="true" duration-ms="2368" started-at="2019-04-24T10:10:49Z" finished-at="2019-04-24T10:10:51Z">
          <reporter-output>
          </reporter-output>
        </test-method> <!-- tearDownTest -->
      </class> <!-- test.TestNG_Demo -->
    </test> <!-- Default test -->
  </suite> <!-- Default suite -->
</testng-results>
