<?xml version="1.0" encoding="UTF-8"?>
<!-- Generated by org.testng.reporters.JUnitXMLReporter -->
<testsuite hostname="MAA-CCSFQ12" ignored="1" name="Test1" tests="2" failures="0" timestamp="25 Apr 2019 05:25:04 GMT" time="15.907" errors="0">
  <testcase name="googleSearch3" time="6.951" classname="test.TestNG_Demo2"/>
  <testcase name="googleSearch" time="7.46" classname="test.TestNG_Demo"/>
  <testcase name="googleSearch2" time="0.0" classname="test.TestNG_Demo2">
    <ignored/>
  </testcase> <!-- googleSearch2 -->
</testsuite> <!-- Test1 -->
