<?xml version="1.0" encoding="UTF-8"?>
<!-- Generated by org.testng.reporters.JUnitXMLReporter -->
<testsuite hostname="ANITA-SRI" ignored="0" name="Test" tests="6" failures="0" timestamp="04 May 2019 17:56:14 GMT" time="0.132" errors="0">
  <testcase name="test1" time="0.018" classname="listeners.TestNGListenerDemo"/>
  <testcase name="test2" time="0.008" classname="listeners.TestNGListenerDemo"/>
  <testcase name="test3" time="0.003" classname="listeners.TestNGListenerDemo">
    <skipped/>
  </testcase> <!-- test3 -->
  <testcase name="test4" time="0.002" classname="listeners.TestNGListenerDemo2"/>
  <testcase name="test5" time="0.003" classname="listeners.TestNGListenerDemo2"/>
  <testcase name="test6" time="0.002" classname="listeners.TestNGListenerDemo2">
    <skipped/>
  </testcase> <!-- test6 -->
</testsuite> <!-- Test -->
